2023.03.08 09:31:26 INFO  Started: Metals version 0.11.10+86-70144683-SNAPSHOT in workspace '/Users/jaofourthsohappy/Desktop/movies2' for client Visual Studio Code 1.75.1.
SLF4J: No SLF4J providers were found.
SLF4J: Defaulting to no-operation (NOP) logger implementation
SLF4J: See https://www.slf4j.org/codes.html#noProviders for further details.
SLF4J: Class path contains SLF4J bindings targeting slf4j-api versions 1.7.x or earlier.
SLF4J: Ignoring binding found at [jar:file:/Users/jaofourthsohappy/Library/Caches/Coursier/v1/https/repo1.maven.org/maven2/com/outr/scribe-slf4j_2.13/3.10.6/scribe-slf4j_2.13-3.10.6.jar!/org/slf4j/impl/StaticLoggerBinder.class]
SLF4J: See https://www.slf4j.org/codes.html#ignoredBindings for an explanation.
2023.03.08 09:31:27 INFO  time: initialize in 0.71s
2023.03.08 09:31:31 WARN  Build server is not auto-connectable.
2023.03.08 09:31:31 WARN  no build target for: /Users/jaofourthsohappy/Desktop/movies2/src/main/java/dev/fourth/movies/MoviesApplication.java
2023.03.08 09:31:32 WARN  Running javac-semanticdb failed for file:///Users/jaofourthsohappy/Desktop/movies2/src/main/java/dev/fourth/movies/MoviesApplication.java. Output:
Exception in thread "main" java.lang.IllegalAccessError: class com.sourcegraph.semanticdb_javac.SemanticdbPlugin (in unnamed module @0x4cb2c100) cannot access class com.sun.tools.javac.api.BasicJavacTask (in module jdk.compiler) because module jdk.compiler does not export com.sun.tools.javac.api to unnamed module @0x4cb2c100
	at com.sourcegraph.semanticdb_javac.SemanticdbPlugin.init(SemanticdbPlugin.java:19)
	at jdk.compiler/com.sun.tools.javac.api.BasicJavacTask.initPlugin(BasicJavacTask.java:255)
	at jdk.compiler/com.sun.tools.javac.api.BasicJavacTask.initPlugins(BasicJavacTask.java:229)
	at jdk.compiler/com.sun.tools.javac.main.Main.compile(Main.java:292)
	at jdk.compiler/com.sun.tools.javac.main.Main.compile(Main.java:176)
	at jdk.compiler/com.sun.tools.javac.Main.compile(Main.java:64)
	at jdk.compiler/com.sun.tools.javac.Main.main(Main.java:50)
Mar 08, 2023 9:51:24 AM org.eclipse.lsp4j.jsonrpc.services.GenericEndpoint notify
INFO: Unsupported notification method: $/setTrace
2023.03.08 09:51:27 INFO  running '/Library/Java/JavaVirtualMachines/temurin-16.jdk/Contents/Home/bin/java -Dfile.encoding=UTF-8 -Dmaven.multiModuleProjectDirectory=/Users/jaofourthsohappy/Desktop/movies2 -Dmaven.home=/var/folders/c4/y4rlgrbd78x2_5p1dcpz4_m40000gn/T/metals8221049246366688265 -cp /var/folders/c4/y4rlgrbd78x2_5p1dcpz4_m40000gn/T/metals8221049246366688265/maven-wrapper.jar org.apache.maven.wrapper.MavenWrapperMain generate-sources ch.epfl.scala:bloop-maven-plugin:2.0.0:bloopInstall -DdownloadSources=true'
2023.03.08 09:51:28 INFO  [INFO] Scanning for projects...
2023.03.08 09:51:28 INFO  [INFO] 
2023.03.08 09:51:28 INFO  [INFO] -------------------------< dev.fourth:movies >--------------------------
2023.03.08 09:51:28 INFO  [INFO] Building movies 0.0.1-SNAPSHOT
2023.03.08 09:51:28 INFO  [INFO] --------------------------------[ jar ]---------------------------------
2023.03.08 09:51:30 INFO  [INFO] 
2023.03.08 09:51:30 INFO  [INFO] --- bloop-maven-plugin:2.0.0:bloopInstall (default-cli) @ movies ---
2023.03.08 09:51:30 INFO  [INFO] Using empty launcher: no run setup for movies.
2023.03.08 09:51:30 INFO  [ERROR] org.scala-lang:scala([0-9]?)-library is missing from project dependencies
2023.03.08 09:51:31 INFO  [ERROR] org.scala-lang:scala([0-9]?)-library is missing from project dependencies
2023.03.08 09:51:31 INFO  [INFO] Resolving artifact: org.springframework.boot:spring-boot:jar:3.0.4:compile (sources = false)
2023.03.08 09:51:31 INFO  [INFO] SUCCESS: org.springframework.boot:spring-boot:jar:3.0.4:compile (sources = false)
2023.03.08 09:51:31 INFO  [INFO] Resolving artifact: org.springframework.boot:spring-boot:jar:3.0.4:compile (sources = true)
2023.03.08 09:51:31 INFO  Downloading from central: https://repo.maven.apache.org/maven2/org/springframework/boot/spring-boot/3.0.4/spring-boot-3.0.4-sources.jar
2023.03.08 09:51:33 INFO  Progress (1): 0/1.0 MB
2023.03.08 09:51:33 INFO  Progress (1): 0/1.0 MB
2023.03.08 09:51:33 INFO  Progress (1): 0/1.0 MB
2023.03.08 09:51:33 INFO  Progress (1): 0/1.0 MB
2023.03.08 09:51:33 INFO  Progress (1): 0/1.0 MB
2023.03.08 09:51:33 INFO  Progress (1): 0/1.0 MB
2023.03.08 09:51:33 INFO  Progress (1): 0/1.0 MB
2023.03.08 09:51:33 INFO  Progress (1): 0.1/1.0 MB
2023.03.08 09:51:33 INFO  Progress (1): 0.1/1.0 MB
2023.03.08 09:51:33 INFO  Progress (1): 0.1/1.0 MB
2023.03.08 09:51:33 INFO  Progress (1): 0.1/1.0 MB
2023.03.08 09:51:33 INFO  Progress (1): 0.1/1.0 MB
2023.03.08 09:51:33 INFO  Progress (1): 0.1/1.0 MB
2023.03.08 09:51:33 INFO  Progress (1): 0.1/1.0 MB
2023.03.08 09:51:33 INFO  Progress (1): 0.1/1.0 MB
2023.03.08 09:51:33 INFO  Progress (1): 0.1/1.0 MB
2023.03.08 09:51:33 INFO  Progress (1): 0.1/1.0 MB
2023.03.08 09:51:33 INFO  Progress (1): 0.1/1.0 MB
2023.03.08 09:51:33 INFO  Progress (1): 0.1/1.0 MB
2023.03.08 09:51:33 INFO  Progress (1): 0.2/1.0 MB
2023.03.08 09:51:33 INFO  Progress (1): 0.2/1.0 MB
2023.03.08 09:51:33 INFO  Progress (1): 0.2/1.0 MB
2023.03.08 09:51:33 INFO  Progress (1): 0.2/1.0 MB
2023.03.08 09:51:33 INFO  Progress (1): 0.2/1.0 MB
2023.03.08 09:51:33 INFO  Progress (1): 0.2/1.0 MB
2023.03.08 09:51:33 INFO  Progress (1): 0.2/1.0 MB
2023.03.08 09:51:33 INFO  Progress (1): 0.2/1.0 MB
2023.03.08 09:51:33 INFO  Progress (1): 0.2/1.0 MB
2023.03.08 09:51:33 INFO  Progress (1): 0.2/1.0 MB
2023.03.08 09:51:33 INFO  Progress (1): 0.2/1.0 MB
2023.03.08 09:51:33 INFO  Progress (1): 0.2/1.0 MB
2023.03.08 09:51:33 INFO  Progress (1): 0.2/1.0 MB
2023.03.08 09:51:33 INFO  Progress (1): 0.3/1.0 MB
2023.03.08 09:51:33 INFO  Progress (1): 0.3/1.0 MB
2023.03.08 09:51:33 INFO  Progress (1): 0.3/1.0 MB
2023.03.08 09:51:33 INFO  Progress (1): 0.3/1.0 MB
2023.03.08 09:51:33 INFO  Progress (1): 0.3/1.0 MB
2023.03.08 09:51:33 INFO  Progress (1): 0.3/1.0 MB
2023.03.08 09:51:33 INFO  Progress (1): 0.3/1.0 MB
2023.03.08 09:51:33 INFO  Progress (1): 0.3/1.0 MB
2023.03.08 09:51:33 INFO  Progress (1): 0.3/1.0 MB
2023.03.08 09:51:33 INFO  Progress (1): 0.3/1.0 MB
2023.03.08 09:51:33 INFO  Progress (1): 0.3/1.0 MB
2023.03.08 09:51:33 INFO  Progress (1): 0.3/1.0 MB
2023.03.08 09:51:33 INFO  Progress (1): 0.4/1.0 MB
2023.03.08 09:51:33 INFO  Progress (1): 0.4/1.0 MB
2023.03.08 09:51:33 INFO  Progress (1): 0.4/1.0 MB
2023.03.08 09:51:33 INFO  Progress (1): 0.4/1.0 MB
2023.03.08 09:51:33 INFO  Progress (1): 0.4/1.0 MB
2023.03.08 09:51:33 INFO  Progress (1): 0.4/1.0 MB
2023.03.08 09:51:33 INFO  Progress (1): 0.4/1.0 MB
2023.03.08 09:51:33 INFO  Progress (1): 0.4/1.0 MB
2023.03.08 09:51:33 INFO  Progress (1): 0.4/1.0 MB
2023.03.08 09:51:33 INFO  Progress (1): 0.4/1.0 MB
2023.03.08 09:51:33 INFO  Progress (1): 0.4/1.0 MB
2023.03.08 09:51:33 INFO  Progress (1): 0.4/1.0 MB
2023.03.08 09:51:33 INFO  Progress (1): 0.5/1.0 MB
2023.03.08 09:51:33 INFO  Progress (1): 0.5/1.0 MB
2023.03.08 09:51:33 INFO  Progress (1): 0.5/1.0 MB
2023.03.08 09:51:33 INFO  Progress (1): 0.5/1.0 MB
2023.03.08 09:51:33 INFO  Progress (1): 0.5/1.0 MB
2023.03.08 09:51:33 INFO  Progress (1): 0.5/1.0 MB
2023.03.08 09:51:33 INFO  Progress (1): 0.5/1.0 MB
2023.03.08 09:51:33 INFO  Progress (1): 0.5/1.0 MB
2023.03.08 09:51:33 INFO  Progress (1): 0.5/1.0 MB
2023.03.08 09:51:33 INFO  Progress (1): 0.5/1.0 MB
2023.03.08 09:51:33 INFO  Progress (1): 0.5/1.0 MB
2023.03.08 09:51:33 INFO  Progress (1): 0.5/1.0 MB
2023.03.08 09:51:33 INFO  Progress (1): 0.5/1.0 MB
2023.03.08 09:51:33 INFO  Progress (1): 0.6/1.0 MB
2023.03.08 09:51:33 INFO  Progress (1): 0.6/1.0 MB
2023.03.08 09:51:33 INFO  Progress (1): 0.6/1.0 MB
2023.03.08 09:51:33 INFO  Progress (1): 0.6/1.0 MB
2023.03.08 09:51:33 INFO  Progress (1): 0.6/1.0 MB
2023.03.08 09:51:33 INFO  Progress (1): 0.6/1.0 MB
2023.03.08 09:51:33 INFO  Progress (1): 0.6/1.0 MB
2023.03.08 09:51:33 INFO  Progress (1): 0.6/1.0 MB
2023.03.08 09:51:33 INFO  Progress (1): 0.6/1.0 MB
2023.03.08 09:51:33 INFO  Progress (1): 0.6/1.0 MB
2023.03.08 09:51:33 INFO  Progress (1): 0.6/1.0 MB
2023.03.08 09:51:33 INFO  Progress (1): 0.6/1.0 MB
2023.03.08 09:51:33 INFO  Progress (1): 0.7/1.0 MB
2023.03.08 09:51:33 INFO  Progress (1): 0.7/1.0 MB
2023.03.08 09:51:33 INFO  Progress (1): 0.7/1.0 MB
2023.03.08 09:51:33 INFO  Progress (1): 0.7/1.0 MB
2023.03.08 09:51:33 INFO  Progress (1): 0.7/1.0 MB
2023.03.08 09:51:33 INFO  Progress (1): 0.7/1.0 MB
2023.03.08 09:51:33 INFO  Progress (1): 0.7/1.0 MB
2023.03.08 09:51:33 INFO  Progress (1): 0.7/1.0 MB
2023.03.08 09:51:33 INFO  Progress (1): 0.7/1.0 MB
2023.03.08 09:51:33 INFO  Progress (1): 0.7/1.0 MB
2023.03.08 09:51:33 INFO  Progress (1): 0.7/1.0 MB
2023.03.08 09:51:33 INFO  Progress (1): 0.7/1.0 MB
2023.03.08 09:51:33 INFO  Progress (1): 0.8/1.0 MB
2023.03.08 09:51:33 INFO  Progress (1): 0.8/1.0 MB
2023.03.08 09:51:33 INFO  Progress (1): 0.8/1.0 MB
2023.03.08 09:51:33 INFO  Progress (1): 0.8/1.0 MB
2023.03.08 09:51:33 INFO  Progress (1): 0.8/1.0 MB
2023.03.08 09:51:33 INFO  Progress (1): 0.8/1.0 MB
2023.03.08 09:51:33 INFO  Progress (1): 0.8/1.0 MB
2023.03.08 09:51:33 INFO  Progress (1): 0.8/1.0 MB
2023.03.08 09:51:33 INFO  Progress (1): 0.8/1.0 MB
2023.03.08 09:51:33 INFO  Progress (1): 0.8/1.0 MB
2023.03.08 09:51:33 INFO  Progress (1): 0.8/1.0 MB
2023.03.08 09:51:33 INFO  Progress (1): 0.8/1.0 MB
2023.03.08 09:51:33 INFO  Progress (1): 0.9/1.0 MB
2023.03.08 09:51:33 INFO  Progress (1): 0.9/1.0 MB
2023.03.08 09:51:33 INFO  Progress (1): 0.9/1.0 MB
2023.03.08 09:51:33 INFO  Progress (1): 0.9/1.0 MB
2023.03.08 09:51:33 INFO  Progress (1): 0.9/1.0 MB
2023.03.08 09:51:33 INFO  Progress (1): 0.9/1.0 MB
2023.03.08 09:51:33 INFO  Progress (1): 0.9/1.0 MB
2023.03.08 09:51:33 INFO  Progress (1): 0.9/1.0 MB
2023.03.08 09:51:33 INFO  Progress (1): 0.9/1.0 MB
2023.03.08 09:51:33 INFO  Progress (1): 0.9/1.0 MB
2023.03.08 09:51:33 INFO  Progress (1): 0.9/1.0 MB
2023.03.08 09:51:33 INFO  Progress (1): 0.9/1.0 MB
2023.03.08 09:51:33 INFO  Progress (1): 1.0/1.0 MB
2023.03.08 09:51:33 INFO  Progress (1): 1.0/1.0 MB
2023.03.08 09:51:33 INFO  Progress (1): 1.0/1.0 MB
2023.03.08 09:51:33 INFO  Progress (1): 1.0/1.0 MB
2023.03.08 09:51:33 INFO  Progress (1): 1.0/1.0 MB
2023.03.08 09:51:33 INFO  Progress (1): 1.0/1.0 MB
2023.03.08 09:51:33 INFO  Progress (1): 1.0/1.0 MB
2023.03.08 09:51:33 INFO  Progress (1): 1.0/1.0 MB
2023.03.08 09:51:33 INFO  Progress (1): 1.0/1.0 MB
2023.03.08 09:51:33 INFO  Progress (1): 1.0/1.0 MB
2023.03.08 09:51:33 INFO  Progress (1): 1.0/1.0 MB
2023.03.08 09:51:33 INFO  Progress (1): 1.0 MB    
2023.03.08 09:51:33 INFO  user cancelled mvn bloopInstall
2023.03.08 09:51:33 INFO  time: ran 'mvn bloopInstall' in 6.39s
Mar 08, 2023 9:51:35 AM org.eclipse.lsp4j.jsonrpc.services.GenericEndpoint notify
INFO: Unsupported notification method: $/setTrace
2023.03.08 09:56:22 WARN  no build target for: /Users/jaofourthsohappy/Desktop/movies2/src/main/java/dev/fourth/movies/MoviesApplication.java
2023.03.08 09:59:39 WARN  no build target for: /Users/jaofourthsohappy/Desktop/movies2/src/main/java/dev/fourth/movies/MoviesApplication.java
2023.03.08 09:59:39 WARN  Running javac-semanticdb failed for file:///Users/jaofourthsohappy/Desktop/movies2/src/main/java/dev/fourth/movies/MoviesApplication.java. Output:
Exception in thread "main" java.lang.IllegalAccessError: class com.sourcegraph.semanticdb_javac.SemanticdbPlugin (in unnamed module @0x4cb2c100) cannot access class com.sun.tools.javac.api.BasicJavacTask (in module jdk.compiler) because module jdk.compiler does not export com.sun.tools.javac.api to unnamed module @0x4cb2c100
	at com.sourcegraph.semanticdb_javac.SemanticdbPlugin.init(SemanticdbPlugin.java:19)
	at jdk.compiler/com.sun.tools.javac.api.BasicJavacTask.initPlugin(BasicJavacTask.java:255)
	at jdk.compiler/com.sun.tools.javac.api.BasicJavacTask.initPlugins(BasicJavacTask.java:229)
	at jdk.compiler/com.sun.tools.javac.main.Main.compile(Main.java:292)
	at jdk.compiler/com.sun.tools.javac.main.Main.compile(Main.java:176)
	at jdk.compiler/com.sun.tools.javac.Main.compile(Main.java:64)
	at jdk.compiler/com.sun.tools.javac.Main.main(Main.java:50)
2023.03.08 09:59:41 WARN  no build target for: /Users/jaofourthsohappy/Desktop/movies2/src/main/java/dev/fourth/movies/MoviesApplication.java
2023.03.08 09:59:41 WARN  Running javac-semanticdb failed for file:///Users/jaofourthsohappy/Desktop/movies2/src/main/java/dev/fourth/movies/MoviesApplication.java. Output:
Exception in thread "main" java.lang.IllegalAccessError: class com.sourcegraph.semanticdb_javac.SemanticdbPlugin (in unnamed module @0x4cb2c100) cannot access class com.sun.tools.javac.api.BasicJavacTask (in module jdk.compiler) because module jdk.compiler does not export com.sun.tools.javac.api to unnamed module @0x4cb2c100
	at com.sourcegraph.semanticdb_javac.SemanticdbPlugin.init(SemanticdbPlugin.java:19)
	at jdk.compiler/com.sun.tools.javac.api.BasicJavacTask.initPlugin(BasicJavacTask.java:255)
	at jdk.compiler/com.sun.tools.javac.api.BasicJavacTask.initPlugins(BasicJavacTask.java:229)
	at jdk.compiler/com.sun.tools.javac.main.Main.compile(Main.java:292)
	at jdk.compiler/com.sun.tools.javac.main.Main.compile(Main.java:176)
	at jdk.compiler/com.sun.tools.javac.Main.compile(Main.java:64)
	at jdk.compiler/com.sun.tools.javac.Main.main(Main.java:50)
2023.03.08 09:59:43 WARN  no build target for: /Users/jaofourthsohappy/Desktop/movies2/src/main/java/dev/fourth/movies/MoviesApplication.java
2023.03.08 09:59:44 WARN  Running javac-semanticdb failed for file:///Users/jaofourthsohappy/Desktop/movies2/src/main/java/dev/fourth/movies/MoviesApplication.java. Output:
Exception in thread "main" java.lang.IllegalAccessError: class com.sourcegraph.semanticdb_javac.SemanticdbPlugin (in unnamed module @0x4cb2c100) cannot access class com.sun.tools.javac.api.BasicJavacTask (in module jdk.compiler) because module jdk.compiler does not export com.sun.tools.javac.api to unnamed module @0x4cb2c100
	at com.sourcegraph.semanticdb_javac.SemanticdbPlugin.init(SemanticdbPlugin.java:19)
	at jdk.compiler/com.sun.tools.javac.api.BasicJavacTask.initPlugin(BasicJavacTask.java:255)
	at jdk.compiler/com.sun.tools.javac.api.BasicJavacTask.initPlugins(BasicJavacTask.java:229)
	at jdk.compiler/com.sun.tools.javac.main.Main.compile(Main.java:292)
	at jdk.compiler/com.sun.tools.javac.main.Main.compile(Main.java:176)
	at jdk.compiler/com.sun.tools.javac.Main.compile(Main.java:64)
	at jdk.compiler/com.sun.tools.javac.Main.main(Main.java:50)
2023.03.08 09:59:45 WARN  no build target for: /Users/jaofourthsohappy/Desktop/movies2/src/main/java/dev/fourth/movies/MoviesApplication.java
2023.03.08 09:59:45 WARN  Running javac-semanticdb failed for file:///Users/jaofourthsohappy/Desktop/movies2/src/main/java/dev/fourth/movies/MoviesApplication.java. Output:
Exception in thread "main" java.lang.IllegalAccessError: class com.sourcegraph.semanticdb_javac.SemanticdbPlugin (in unnamed module @0x4cb2c100) cannot access class com.sun.tools.javac.api.BasicJavacTask (in module jdk.compiler) because module jdk.compiler does not export com.sun.tools.javac.api to unnamed module @0x4cb2c100
	at com.sourcegraph.semanticdb_javac.SemanticdbPlugin.init(SemanticdbPlugin.java:19)
	at jdk.compiler/com.sun.tools.javac.api.BasicJavacTask.initPlugin(BasicJavacTask.java:255)
	at jdk.compiler/com.sun.tools.javac.api.BasicJavacTask.initPlugins(BasicJavacTask.java:229)
	at jdk.compiler/com.sun.tools.javac.main.Main.compile(Main.java:292)
	at jdk.compiler/com.sun.tools.javac.main.Main.compile(Main.java:176)
	at jdk.compiler/com.sun.tools.javac.Main.compile(Main.java:64)
	at jdk.compiler/com.sun.tools.javac.Main.main(Main.java:50)
2023.03.08 10:00:40 WARN  no build target for: /Users/jaofourthsohappy/Desktop/movies2/src/main/java/dev/fourth/movies/MoviesApplication.java
2023.03.08 10:00:41 WARN  Running javac-semanticdb failed for file:///Users/jaofourthsohappy/Desktop/movies2/src/main/java/dev/fourth/movies/MoviesApplication.java. Output:
Exception in thread "main" java.lang.IllegalAccessError: class com.sourcegraph.semanticdb_javac.SemanticdbPlugin (in unnamed module @0x4cb2c100) cannot access class com.sun.tools.javac.api.BasicJavacTask (in module jdk.compiler) because module jdk.compiler does not export com.sun.tools.javac.api to unnamed module @0x4cb2c100
	at com.sourcegraph.semanticdb_javac.SemanticdbPlugin.init(SemanticdbPlugin.java:19)
	at jdk.compiler/com.sun.tools.javac.api.BasicJavacTask.initPlugin(BasicJavacTask.java:255)
	at jdk.compiler/com.sun.tools.javac.api.BasicJavacTask.initPlugins(BasicJavacTask.java:229)
	at jdk.compiler/com.sun.tools.javac.main.Main.compile(Main.java:292)
	at jdk.compiler/com.sun.tools.javac.main.Main.compile(Main.java:176)
	at jdk.compiler/com.sun.tools.javac.Main.compile(Main.java:64)
	at jdk.compiler/com.sun.tools.javac.Main.main(Main.java:50)
2023.03.08 10:00:43 WARN  no build target for: /Users/jaofourthsohappy/Desktop/movies2/src/main/java/dev/fourth/movies/MoviesApplication.java
2023.03.08 10:00:44 WARN  Running javac-semanticdb failed for file:///Users/jaofourthsohappy/Desktop/movies2/src/main/java/dev/fourth/movies/MoviesApplication.java. Output:
Exception in thread "main" java.lang.IllegalAccessError: class com.sourcegraph.semanticdb_javac.SemanticdbPlugin (in unnamed module @0x4cb2c100) cannot access class com.sun.tools.javac.api.BasicJavacTask (in module jdk.compiler) because module jdk.compiler does not export com.sun.tools.javac.api to unnamed module @0x4cb2c100
	at com.sourcegraph.semanticdb_javac.SemanticdbPlugin.init(SemanticdbPlugin.java:19)
	at jdk.compiler/com.sun.tools.javac.api.BasicJavacTask.initPlugin(BasicJavacTask.java:255)
	at jdk.compiler/com.sun.tools.javac.api.BasicJavacTask.initPlugins(BasicJavacTask.java:229)
	at jdk.compiler/com.sun.tools.javac.main.Main.compile(Main.java:292)
	at jdk.compiler/com.sun.tools.javac.main.Main.compile(Main.java:176)
	at jdk.compiler/com.sun.tools.javac.Main.compile(Main.java:64)
	at jdk.compiler/com.sun.tools.javac.Main.main(Main.java:50)
2023.03.08 10:00:44 WARN  no build target for: /Users/jaofourthsohappy/Desktop/movies2/src/main/java/dev/fourth/movies/MoviesApplication.java
2023.03.08 10:00:45 WARN  Running javac-semanticdb failed for file:///Users/jaofourthsohappy/Desktop/movies2/src/main/java/dev/fourth/movies/MoviesApplication.java. Output:
Exception in thread "main" java.lang.IllegalAccessError: class com.sourcegraph.semanticdb_javac.SemanticdbPlugin (in unnamed module @0x4cb2c100) cannot access class com.sun.tools.javac.api.BasicJavacTask (in module jdk.compiler) because module jdk.compiler does not export com.sun.tools.javac.api to unnamed module @0x4cb2c100
	at com.sourcegraph.semanticdb_javac.SemanticdbPlugin.init(SemanticdbPlugin.java:19)
	at jdk.compiler/com.sun.tools.javac.api.BasicJavacTask.initPlugin(BasicJavacTask.java:255)
	at jdk.compiler/com.sun.tools.javac.api.BasicJavacTask.initPlugins(BasicJavacTask.java:229)
	at jdk.compiler/com.sun.tools.javac.main.Main.compile(Main.java:292)
	at jdk.compiler/com.sun.tools.javac.main.Main.compile(Main.java:176)
	at jdk.compiler/com.sun.tools.javac.Main.compile(Main.java:64)
	at jdk.compiler/com.sun.tools.javac.Main.main(Main.java:50)
2023.03.08 10:00:48 WARN  no build target for: /Users/jaofourthsohappy/Desktop/movies2/src/main/java/dev/fourth/movies/MoviesApplication.java
2023.03.08 10:00:48 WARN  Running javac-semanticdb failed for file:///Users/jaofourthsohappy/Desktop/movies2/src/main/java/dev/fourth/movies/MoviesApplication.java. Output:
Exception in thread "main" java.lang.IllegalAccessError: class com.sourcegraph.semanticdb_javac.SemanticdbPlugin (in unnamed module @0x4cb2c100) cannot access class com.sun.tools.javac.api.BasicJavacTask (in module jdk.compiler) because module jdk.compiler does not export com.sun.tools.javac.api to unnamed module @0x4cb2c100
	at com.sourcegraph.semanticdb_javac.SemanticdbPlugin.init(SemanticdbPlugin.java:19)
	at jdk.compiler/com.sun.tools.javac.api.BasicJavacTask.initPlugin(BasicJavacTask.java:255)
	at jdk.compiler/com.sun.tools.javac.api.BasicJavacTask.initPlugins(BasicJavacTask.java:229)
	at jdk.compiler/com.sun.tools.javac.main.Main.compile(Main.java:292)
	at jdk.compiler/com.sun.tools.javac.main.Main.compile(Main.java:176)
	at jdk.compiler/com.sun.tools.javac.Main.compile(Main.java:64)
	at jdk.compiler/com.sun.tools.javac.Main.main(Main.java:50)
2023.03.08 10:00:49 WARN  no build target for: /Users/jaofourthsohappy/Desktop/movies2/src/main/java/dev/fourth/movies/MoviesApplication.java
2023.03.08 10:00:50 WARN  Running javac-semanticdb failed for file:///Users/jaofourthsohappy/Desktop/movies2/src/main/java/dev/fourth/movies/MoviesApplication.java. Output:
Exception in thread "main" java.lang.IllegalAccessError: class com.sourcegraph.semanticdb_javac.SemanticdbPlugin (in unnamed module @0x4cb2c100) cannot access class com.sun.tools.javac.api.BasicJavacTask (in module jdk.compiler) because module jdk.compiler does not export com.sun.tools.javac.api to unnamed module @0x4cb2c100
	at com.sourcegraph.semanticdb_javac.SemanticdbPlugin.init(SemanticdbPlugin.java:19)
	at jdk.compiler/com.sun.tools.javac.api.BasicJavacTask.initPlugin(BasicJavacTask.java:255)
	at jdk.compiler/com.sun.tools.javac.api.BasicJavacTask.initPlugins(BasicJavacTask.java:229)
	at jdk.compiler/com.sun.tools.javac.main.Main.compile(Main.java:292)
	at jdk.compiler/com.sun.tools.javac.main.Main.compile(Main.java:176)
	at jdk.compiler/com.sun.tools.javac.Main.compile(Main.java:64)
	at jdk.compiler/com.sun.tools.javac.Main.main(Main.java:50)
2023.03.08 10:00:51 WARN  no build target for: /Users/jaofourthsohappy/Desktop/movies2/src/main/java/dev/fourth/movies/MoviesApplication.java
2023.03.08 10:00:51 WARN  Running javac-semanticdb failed for file:///Users/jaofourthsohappy/Desktop/movies2/src/main/java/dev/fourth/movies/MoviesApplication.java. Output:
Exception in thread "main" java.lang.IllegalAccessError: class com.sourcegraph.semanticdb_javac.SemanticdbPlugin (in unnamed module @0x4cb2c100) cannot access class com.sun.tools.javac.api.BasicJavacTask (in module jdk.compiler) because module jdk.compiler does not export com.sun.tools.javac.api to unnamed module @0x4cb2c100
	at com.sourcegraph.semanticdb_javac.SemanticdbPlugin.init(SemanticdbPlugin.java:19)
	at jdk.compiler/com.sun.tools.javac.api.BasicJavacTask.initPlugin(BasicJavacTask.java:255)
	at jdk.compiler/com.sun.tools.javac.api.BasicJavacTask.initPlugins(BasicJavacTask.java:229)
	at jdk.compiler/com.sun.tools.javac.main.Main.compile(Main.java:292)
	at jdk.compiler/com.sun.tools.javac.main.Main.compile(Main.java:176)
	at jdk.compiler/com.sun.tools.javac.Main.compile(Main.java:64)
	at jdk.compiler/com.sun.tools.javac.Main.main(Main.java:50)
2023.03.08 10:00:55 WARN  no build target for: /Users/jaofourthsohappy/Desktop/movies2/src/main/java/dev/fourth/movies/MoviesApplication.java
2023.03.08 10:00:55 WARN  Running javac-semanticdb failed for file:///Users/jaofourthsohappy/Desktop/movies2/src/main/java/dev/fourth/movies/MoviesApplication.java. Output:
Exception in thread "main" java.lang.IllegalAccessError: class com.sourcegraph.semanticdb_javac.SemanticdbPlugin (in unnamed module @0x4cb2c100) cannot access class com.sun.tools.javac.api.BasicJavacTask (in module jdk.compiler) because module jdk.compiler does not export com.sun.tools.javac.api to unnamed module @0x4cb2c100
	at com.sourcegraph.semanticdb_javac.SemanticdbPlugin.init(SemanticdbPlugin.java:19)
	at jdk.compiler/com.sun.tools.javac.api.BasicJavacTask.initPlugin(BasicJavacTask.java:255)
	at jdk.compiler/com.sun.tools.javac.api.BasicJavacTask.initPlugins(BasicJavacTask.java:229)
	at jdk.compiler/com.sun.tools.javac.main.Main.compile(Main.java:292)
	at jdk.compiler/com.sun.tools.javac.main.Main.compile(Main.java:176)
	at jdk.compiler/com.sun.tools.javac.Main.compile(Main.java:64)
	at jdk.compiler/com.sun.tools.javac.Main.main(Main.java:50)
2023.03.08 10:00:57 WARN  no build target for: /Users/jaofourthsohappy/Desktop/movies2/src/main/java/dev/fourth/movies/MoviesApplication.java
2023.03.08 10:00:57 WARN  Running javac-semanticdb failed for file:///Users/jaofourthsohappy/Desktop/movies2/src/main/java/dev/fourth/movies/MoviesApplication.java. Output:
Exception in thread "main" java.lang.IllegalAccessError: class com.sourcegraph.semanticdb_javac.SemanticdbPlugin (in unnamed module @0x4cb2c100) cannot access class com.sun.tools.javac.api.BasicJavacTask (in module jdk.compiler) because module jdk.compiler does not export com.sun.tools.javac.api to unnamed module @0x4cb2c100
	at com.sourcegraph.semanticdb_javac.SemanticdbPlugin.init(SemanticdbPlugin.java:19)
	at jdk.compiler/com.sun.tools.javac.api.BasicJavacTask.initPlugin(BasicJavacTask.java:255)
	at jdk.compiler/com.sun.tools.javac.api.BasicJavacTask.initPlugins(BasicJavacTask.java:229)
	at jdk.compiler/com.sun.tools.javac.main.Main.compile(Main.java:292)
	at jdk.compiler/com.sun.tools.javac.main.Main.compile(Main.java:176)
	at jdk.compiler/com.sun.tools.javac.Main.compile(Main.java:64)
	at jdk.compiler/com.sun.tools.javac.Main.main(Main.java:50)
2023.03.08 10:00:58 WARN  no build target for: /Users/jaofourthsohappy/Desktop/movies2/src/main/java/dev/fourth/movies/MoviesApplication.java
2023.03.08 10:00:59 WARN  Running javac-semanticdb failed for file:///Users/jaofourthsohappy/Desktop/movies2/src/main/java/dev/fourth/movies/MoviesApplication.java. Output:
Exception in thread "main" java.lang.IllegalAccessError: class com.sourcegraph.semanticdb_javac.SemanticdbPlugin (in unnamed module @0x4cb2c100) cannot access class com.sun.tools.javac.api.BasicJavacTask (in module jdk.compiler) because module jdk.compiler does not export com.sun.tools.javac.api to unnamed module @0x4cb2c100
	at com.sourcegraph.semanticdb_javac.SemanticdbPlugin.init(SemanticdbPlugin.java:19)
	at jdk.compiler/com.sun.tools.javac.api.BasicJavacTask.initPlugin(BasicJavacTask.java:255)
	at jdk.compiler/com.sun.tools.javac.api.BasicJavacTask.initPlugins(BasicJavacTask.java:229)
	at jdk.compiler/com.sun.tools.javac.main.Main.compile(Main.java:292)
	at jdk.compiler/com.sun.tools.javac.main.Main.compile(Main.java:176)
	at jdk.compiler/com.sun.tools.javac.Main.compile(Main.java:64)
	at jdk.compiler/com.sun.tools.javac.Main.main(Main.java:50)
2023.03.08 10:00:59 WARN  no build target for: /Users/jaofourthsohappy/Desktop/movies2/src/main/java/dev/fourth/movies/MoviesApplication.java
2023.03.08 10:01:00 WARN  Running javac-semanticdb failed for file:///Users/jaofourthsohappy/Desktop/movies2/src/main/java/dev/fourth/movies/MoviesApplication.java. Output:
Exception in thread "main" java.lang.IllegalAccessError: class com.sourcegraph.semanticdb_javac.SemanticdbPlugin (in unnamed module @0x4cb2c100) cannot access class com.sun.tools.javac.api.BasicJavacTask (in module jdk.compiler) because module jdk.compiler does not export com.sun.tools.javac.api to unnamed module @0x4cb2c100
	at com.sourcegraph.semanticdb_javac.SemanticdbPlugin.init(SemanticdbPlugin.java:19)
	at jdk.compiler/com.sun.tools.javac.api.BasicJavacTask.initPlugin(BasicJavacTask.java:255)
	at jdk.compiler/com.sun.tools.javac.api.BasicJavacTask.initPlugins(BasicJavacTask.java:229)
	at jdk.compiler/com.sun.tools.javac.main.Main.compile(Main.java:292)
	at jdk.compiler/com.sun.tools.javac.main.Main.compile(Main.java:176)
	at jdk.compiler/com.sun.tools.javac.Main.compile(Main.java:64)
	at jdk.compiler/com.sun.tools.javac.Main.main(Main.java:50)
Mar 08, 2023 10:01:01 AM org.eclipse.lsp4j.jsonrpc.RemoteEndpoint handleCancellation
WARNING: Unmatched cancel notification for request id 163
2023.03.08 10:01:12 WARN  no build target for: /Users/jaofourthsohappy/Desktop/movies2/src/main/java/dev/fourth/movies/MoviesApplication.java
2023.03.08 10:01:12 WARN  Running javac-semanticdb failed for file:///Users/jaofourthsohappy/Desktop/movies2/src/main/java/dev/fourth/movies/MoviesApplication.java. Output:
Exception in thread "main" java.lang.IllegalAccessError: class com.sourcegraph.semanticdb_javac.SemanticdbPlugin (in unnamed module @0x4cb2c100) cannot access class com.sun.tools.javac.api.BasicJavacTask (in module jdk.compiler) because module jdk.compiler does not export com.sun.tools.javac.api to unnamed module @0x4cb2c100
	at com.sourcegraph.semanticdb_javac.SemanticdbPlugin.init(SemanticdbPlugin.java:19)
	at jdk.compiler/com.sun.tools.javac.api.BasicJavacTask.initPlugin(BasicJavacTask.java:255)
	at jdk.compiler/com.sun.tools.javac.api.BasicJavacTask.initPlugins(BasicJavacTask.java:229)
	at jdk.compiler/com.sun.tools.javac.main.Main.compile(Main.java:292)
	at jdk.compiler/com.sun.tools.javac.main.Main.compile(Main.java:176)
	at jdk.compiler/com.sun.tools.javac.Main.compile(Main.java:64)
	at jdk.compiler/com.sun.tools.javac.Main.main(Main.java:50)
2023.03.08 10:01:17 WARN  no build target for: /Users/jaofourthsohappy/Desktop/movies2/src/main/java/dev/fourth/movies/MoviesApplication.java
2023.03.08 10:01:18 WARN  Running javac-semanticdb failed for file:///Users/jaofourthsohappy/Desktop/movies2/src/main/java/dev/fourth/movies/MoviesApplication.java. Output:
Exception in thread "main" java.lang.IllegalAccessError: class com.sourcegraph.semanticdb_javac.SemanticdbPlugin (in unnamed module @0x4cb2c100) cannot access class com.sun.tools.javac.api.BasicJavacTask (in module jdk.compiler) because module jdk.compiler does not export com.sun.tools.javac.api to unnamed module @0x4cb2c100
	at com.sourcegraph.semanticdb_javac.SemanticdbPlugin.init(SemanticdbPlugin.java:19)
	at jdk.compiler/com.sun.tools.javac.api.BasicJavacTask.initPlugin(BasicJavacTask.java:255)
	at jdk.compiler/com.sun.tools.javac.api.BasicJavacTask.initPlugins(BasicJavacTask.java:229)
	at jdk.compiler/com.sun.tools.javac.main.Main.compile(Main.java:292)
	at jdk.compiler/com.sun.tools.javac.main.Main.compile(Main.java:176)
	at jdk.compiler/com.sun.tools.javac.Main.compile(Main.java:64)
	at jdk.compiler/com.sun.tools.javac.Main.main(Main.java:50)
2023.03.08 10:02:12 WARN  no build target for: /Users/jaofourthsohappy/Desktop/movies2/src/main/java/dev/fourth/movies/MoviesApplication.java
2023.03.08 10:02:13 WARN  Running javac-semanticdb failed for file:///Users/jaofourthsohappy/Desktop/movies2/src/main/java/dev/fourth/movies/MoviesApplication.java. Output:
Exception in thread "main" java.lang.IllegalAccessError: class com.sourcegraph.semanticdb_javac.SemanticdbPlugin (in unnamed module @0x4cb2c100) cannot access class com.sun.tools.javac.api.BasicJavacTask (in module jdk.compiler) because module jdk.compiler does not export com.sun.tools.javac.api to unnamed module @0x4cb2c100
	at com.sourcegraph.semanticdb_javac.SemanticdbPlugin.init(SemanticdbPlugin.java:19)
	at jdk.compiler/com.sun.tools.javac.api.BasicJavacTask.initPlugin(BasicJavacTask.java:255)
	at jdk.compiler/com.sun.tools.javac.api.BasicJavacTask.initPlugins(BasicJavacTask.java:229)
	at jdk.compiler/com.sun.tools.javac.main.Main.compile(Main.java:292)
	at jdk.compiler/com.sun.tools.javac.main.Main.compile(Main.java:176)
	at jdk.compiler/com.sun.tools.javac.Main.compile(Main.java:64)
	at jdk.compiler/com.sun.tools.javac.Main.main(Main.java:50)
2023.03.08 10:02:14 WARN  no build target for: /Users/jaofourthsohappy/Desktop/movies2/src/main/java/dev/fourth/movies/MoviesApplication.java
2023.03.08 10:02:15 WARN  Running javac-semanticdb failed for file:///Users/jaofourthsohappy/Desktop/movies2/src/main/java/dev/fourth/movies/MoviesApplication.java. Output:
Exception in thread "main" java.lang.IllegalAccessError: class com.sourcegraph.semanticdb_javac.SemanticdbPlugin (in unnamed module @0x4cb2c100) cannot access class com.sun.tools.javac.api.BasicJavacTask (in module jdk.compiler) because module jdk.compiler does not export com.sun.tools.javac.api to unnamed module @0x4cb2c100
	at com.sourcegraph.semanticdb_javac.SemanticdbPlugin.init(SemanticdbPlugin.java:19)
	at jdk.compiler/com.sun.tools.javac.api.BasicJavacTask.initPlugin(BasicJavacTask.java:255)
	at jdk.compiler/com.sun.tools.javac.api.BasicJavacTask.initPlugins(BasicJavacTask.java:229)
	at jdk.compiler/com.sun.tools.javac.main.Main.compile(Main.java:292)
	at jdk.compiler/com.sun.tools.javac.main.Main.compile(Main.java:176)
	at jdk.compiler/com.sun.tools.javac.Main.compile(Main.java:64)
	at jdk.compiler/com.sun.tools.javac.Main.main(Main.java:50)
2023.03.08 10:02:28 WARN  no build target for: /Users/jaofourthsohappy/Desktop/movies2/src/main/java/dev/fourth/movies/MoviesApplication.java
2023.03.08 10:02:28 WARN  Running javac-semanticdb failed for file:///Users/jaofourthsohappy/Desktop/movies2/src/main/java/dev/fourth/movies/MoviesApplication.java. Output:
Exception in thread "main" java.lang.IllegalAccessError: class com.sourcegraph.semanticdb_javac.SemanticdbPlugin (in unnamed module @0x4cb2c100) cannot access class com.sun.tools.javac.api.BasicJavacTask (in module jdk.compiler) because module jdk.compiler does not export com.sun.tools.javac.api to unnamed module @0x4cb2c100
	at com.sourcegraph.semanticdb_javac.SemanticdbPlugin.init(SemanticdbPlugin.java:19)
	at jdk.compiler/com.sun.tools.javac.api.BasicJavacTask.initPlugin(BasicJavacTask.java:255)
	at jdk.compiler/com.sun.tools.javac.api.BasicJavacTask.initPlugins(BasicJavacTask.java:229)
	at jdk.compiler/com.sun.tools.javac.main.Main.compile(Main.java:292)
	at jdk.compiler/com.sun.tools.javac.main.Main.compile(Main.java:176)
	at jdk.compiler/com.sun.tools.javac.Main.compile(Main.java:64)
	at jdk.compiler/com.sun.tools.javac.Main.main(Main.java:50)
2023.03.08 10:02:30 WARN  no build target for: /Users/jaofourthsohappy/Desktop/movies2/src/main/java/dev/fourth/movies/MoviesApplication.java
2023.03.08 10:02:31 WARN  Running javac-semanticdb failed for file:///Users/jaofourthsohappy/Desktop/movies2/src/main/java/dev/fourth/movies/MoviesApplication.java. Output:
Exception in thread "main" java.lang.IllegalAccessError: class com.sourcegraph.semanticdb_javac.SemanticdbPlugin (in unnamed module @0x4cb2c100) cannot access class com.sun.tools.javac.api.BasicJavacTask (in module jdk.compiler) because module jdk.compiler does not export com.sun.tools.javac.api to unnamed module @0x4cb2c100
	at com.sourcegraph.semanticdb_javac.SemanticdbPlugin.init(SemanticdbPlugin.java:19)
	at jdk.compiler/com.sun.tools.javac.api.BasicJavacTask.initPlugin(BasicJavacTask.java:255)
	at jdk.compiler/com.sun.tools.javac.api.BasicJavacTask.initPlugins(BasicJavacTask.java:229)
	at jdk.compiler/com.sun.tools.javac.main.Main.compile(Main.java:292)
	at jdk.compiler/com.sun.tools.javac.main.Main.compile(Main.java:176)
	at jdk.compiler/com.sun.tools.javac.Main.compile(Main.java:64)
	at jdk.compiler/com.sun.tools.javac.Main.main(Main.java:50)
2023.03.08 10:02:31 WARN  no build target for: /Users/jaofourthsohappy/Desktop/movies2/src/main/java/dev/fourth/movies/MoviesApplication.java
2023.03.08 10:02:32 WARN  Running javac-semanticdb failed for file:///Users/jaofourthsohappy/Desktop/movies2/src/main/java/dev/fourth/movies/MoviesApplication.java. Output:
Exception in thread "main" java.lang.IllegalAccessError: class com.sourcegraph.semanticdb_javac.SemanticdbPlugin (in unnamed module @0x4cb2c100) cannot access class com.sun.tools.javac.api.BasicJavacTask (in module jdk.compiler) because module jdk.compiler does not export com.sun.tools.javac.api to unnamed module @0x4cb2c100
	at com.sourcegraph.semanticdb_javac.SemanticdbPlugin.init(SemanticdbPlugin.java:19)
	at jdk.compiler/com.sun.tools.javac.api.BasicJavacTask.initPlugin(BasicJavacTask.java:255)
	at jdk.compiler/com.sun.tools.javac.api.BasicJavacTask.initPlugins(BasicJavacTask.java:229)
	at jdk.compiler/com.sun.tools.javac.main.Main.compile(Main.java:292)
	at jdk.compiler/com.sun.tools.javac.main.Main.compile(Main.java:176)
	at jdk.compiler/com.sun.tools.javac.Main.compile(Main.java:64)
	at jdk.compiler/com.sun.tools.javac.Main.main(Main.java:50)
2023.03.08 10:02:33 WARN  no build target for: /Users/jaofourthsohappy/Desktop/movies2/src/main/java/dev/fourth/movies/MoviesApplication.java
2023.03.08 10:02:33 WARN  Running javac-semanticdb failed for file:///Users/jaofourthsohappy/Desktop/movies2/src/main/java/dev/fourth/movies/MoviesApplication.java. Output:
Exception in thread "main" java.lang.IllegalAccessError: class com.sourcegraph.semanticdb_javac.SemanticdbPlugin (in unnamed module @0x4cb2c100) cannot access class com.sun.tools.javac.api.BasicJavacTask (in module jdk.compiler) because module jdk.compiler does not export com.sun.tools.javac.api to unnamed module @0x4cb2c100
	at com.sourcegraph.semanticdb_javac.SemanticdbPlugin.init(SemanticdbPlugin.java:19)
	at jdk.compiler/com.sun.tools.javac.api.BasicJavacTask.initPlugin(BasicJavacTask.java:255)
	at jdk.compiler/com.sun.tools.javac.api.BasicJavacTask.initPlugins(BasicJavacTask.java:229)
	at jdk.compiler/com.sun.tools.javac.main.Main.compile(Main.java:292)
	at jdk.compiler/com.sun.tools.javac.main.Main.compile(Main.java:176)
	at jdk.compiler/com.sun.tools.javac.Main.compile(Main.java:64)
	at jdk.compiler/com.sun.tools.javac.Main.main(Main.java:50)
2023.03.08 10:02:36 WARN  no build target for: /Users/jaofourthsohappy/Desktop/movies2/src/main/java/dev/fourth/movies/MoviesApplication.java
2023.03.08 10:02:36 WARN  Running javac-semanticdb failed for file:///Users/jaofourthsohappy/Desktop/movies2/src/main/java/dev/fourth/movies/MoviesApplication.java. Output:
Exception in thread "main" java.lang.IllegalAccessError: class com.sourcegraph.semanticdb_javac.SemanticdbPlugin (in unnamed module @0x4cb2c100) cannot access class com.sun.tools.javac.api.BasicJavacTask (in module jdk.compiler) because module jdk.compiler does not export com.sun.tools.javac.api to unnamed module @0x4cb2c100
	at com.sourcegraph.semanticdb_javac.SemanticdbPlugin.init(SemanticdbPlugin.java:19)
	at jdk.compiler/com.sun.tools.javac.api.BasicJavacTask.initPlugin(BasicJavacTask.java:255)
	at jdk.compiler/com.sun.tools.javac.api.BasicJavacTask.initPlugins(BasicJavacTask.java:229)
	at jdk.compiler/com.sun.tools.javac.main.Main.compile(Main.java:292)
	at jdk.compiler/com.sun.tools.javac.main.Main.compile(Main.java:176)
	at jdk.compiler/com.sun.tools.javac.Main.compile(Main.java:64)
	at jdk.compiler/com.sun.tools.javac.Main.main(Main.java:50)
Mar 08, 2023 10:02:38 AM org.eclipse.lsp4j.jsonrpc.RemoteEndpoint handleCancellation
WARNING: Unmatched cancel notification for request id 280
Mar 08, 2023 10:02:38 AM org.eclipse.lsp4j.jsonrpc.RemoteEndpoint handleCancellation
WARNING: Unmatched cancel notification for request id 281
2023.03.08 10:02:39 WARN  no build target for: /Users/jaofourthsohappy/Desktop/movies2/src/main/java/dev/fourth/movies/MoviesApplication.java
2023.03.08 10:02:40 WARN  Running javac-semanticdb failed for file:///Users/jaofourthsohappy/Desktop/movies2/src/main/java/dev/fourth/movies/MoviesApplication.java. Output:
Exception in thread "main" java.lang.IllegalAccessError: class com.sourcegraph.semanticdb_javac.SemanticdbPlugin (in unnamed module @0x4cb2c100) cannot access class com.sun.tools.javac.api.BasicJavacTask (in module jdk.compiler) because module jdk.compiler does not export com.sun.tools.javac.api to unnamed module @0x4cb2c100
	at com.sourcegraph.semanticdb_javac.SemanticdbPlugin.init(SemanticdbPlugin.java:19)
	at jdk.compiler/com.sun.tools.javac.api.BasicJavacTask.initPlugin(BasicJavacTask.java:255)
	at jdk.compiler/com.sun.tools.javac.api.BasicJavacTask.initPlugins(BasicJavacTask.java:229)
	at jdk.compiler/com.sun.tools.javac.main.Main.compile(Main.java:292)
	at jdk.compiler/com.sun.tools.javac.main.Main.compile(Main.java:176)
	at jdk.compiler/com.sun.tools.javac.Main.compile(Main.java:64)
	at jdk.compiler/com.sun.tools.javac.Main.main(Main.java:50)
2023.03.08 10:02:41 WARN  no build target for: /Users/jaofourthsohappy/Desktop/movies2/src/main/java/dev/fourth/movies/MoviesApplication.java
2023.03.08 10:02:42 WARN  Running javac-semanticdb failed for file:///Users/jaofourthsohappy/Desktop/movies2/src/main/java/dev/fourth/movies/MoviesApplication.java. Output:
Exception in thread "main" java.lang.IllegalAccessError: class com.sourcegraph.semanticdb_javac.SemanticdbPlugin (in unnamed module @0x4cb2c100) cannot access class com.sun.tools.javac.api.BasicJavacTask (in module jdk.compiler) because module jdk.compiler does not export com.sun.tools.javac.api to unnamed module @0x4cb2c100
	at com.sourcegraph.semanticdb_javac.SemanticdbPlugin.init(SemanticdbPlugin.java:19)
	at jdk.compiler/com.sun.tools.javac.api.BasicJavacTask.initPlugin(BasicJavacTask.java:255)
	at jdk.compiler/com.sun.tools.javac.api.BasicJavacTask.initPlugins(BasicJavacTask.java:229)
	at jdk.compiler/com.sun.tools.javac.main.Main.compile(Main.java:292)
	at jdk.compiler/com.sun.tools.javac.main.Main.compile(Main.java:176)
	at jdk.compiler/com.sun.tools.javac.Main.compile(Main.java:64)
	at jdk.compiler/com.sun.tools.javac.Main.main(Main.java:50)
2023.03.08 10:02:46 WARN  no build target for: /Users/jaofourthsohappy/Desktop/movies2/src/main/java/dev/fourth/movies/MoviesApplication.java
2023.03.08 10:02:46 WARN  Running javac-semanticdb failed for file:///Users/jaofourthsohappy/Desktop/movies2/src/main/java/dev/fourth/movies/MoviesApplication.java. Output:
Exception in thread "main" java.lang.IllegalAccessError: class com.sourcegraph.semanticdb_javac.SemanticdbPlugin (in unnamed module @0x4cb2c100) cannot access class com.sun.tools.javac.api.BasicJavacTask (in module jdk.compiler) because module jdk.compiler does not export com.sun.tools.javac.api to unnamed module @0x4cb2c100
	at com.sourcegraph.semanticdb_javac.SemanticdbPlugin.init(SemanticdbPlugin.java:19)
	at jdk.compiler/com.sun.tools.javac.api.BasicJavacTask.initPlugin(BasicJavacTask.java:255)
	at jdk.compiler/com.sun.tools.javac.api.BasicJavacTask.initPlugins(BasicJavacTask.java:229)
	at jdk.compiler/com.sun.tools.javac.main.Main.compile(Main.java:292)
	at jdk.compiler/com.sun.tools.javac.main.Main.compile(Main.java:176)
	at jdk.compiler/com.sun.tools.javac.Main.compile(Main.java:64)
	at jdk.compiler/com.sun.tools.javac.Main.main(Main.java:50)
2023.03.08 10:02:48 WARN  no build target for: /Users/jaofourthsohappy/Desktop/movies2/src/main/java/dev/fourth/movies/MoviesApplication.java
2023.03.08 10:02:48 WARN  Running javac-semanticdb failed for file:///Users/jaofourthsohappy/Desktop/movies2/src/main/java/dev/fourth/movies/MoviesApplication.java. Output:
Exception in thread "main" java.lang.IllegalAccessError: class com.sourcegraph.semanticdb_javac.SemanticdbPlugin (in unnamed module @0x4cb2c100) cannot access class com.sun.tools.javac.api.BasicJavacTask (in module jdk.compiler) because module jdk.compiler does not export com.sun.tools.javac.api to unnamed module @0x4cb2c100
	at com.sourcegraph.semanticdb_javac.SemanticdbPlugin.init(SemanticdbPlugin.java:19)
	at jdk.compiler/com.sun.tools.javac.api.BasicJavacTask.initPlugin(BasicJavacTask.java:255)
	at jdk.compiler/com.sun.tools.javac.api.BasicJavacTask.initPlugins(BasicJavacTask.java:229)
	at jdk.compiler/com.sun.tools.javac.main.Main.compile(Main.java:292)
	at jdk.compiler/com.sun.tools.javac.main.Main.compile(Main.java:176)
	at jdk.compiler/com.sun.tools.javac.Main.compile(Main.java:64)
	at jdk.compiler/com.sun.tools.javac.Main.main(Main.java:50)
2023.03.08 10:03:11 WARN  no build target for: /Users/jaofourthsohappy/Desktop/movies2/src/main/java/dev/fourth/movies/MoviesApplication.java
2023.03.08 10:03:12 WARN  Running javac-semanticdb failed for file:///Users/jaofourthsohappy/Desktop/movies2/src/main/java/dev/fourth/movies/MoviesApplication.java. Output:
Exception in thread "main" java.lang.IllegalAccessError: class com.sourcegraph.semanticdb_javac.SemanticdbPlugin (in unnamed module @0x4cb2c100) cannot access class com.sun.tools.javac.api.BasicJavacTask (in module jdk.compiler) because module jdk.compiler does not export com.sun.tools.javac.api to unnamed module @0x4cb2c100
	at com.sourcegraph.semanticdb_javac.SemanticdbPlugin.init(SemanticdbPlugin.java:19)
	at jdk.compiler/com.sun.tools.javac.api.BasicJavacTask.initPlugin(BasicJavacTask.java:255)
	at jdk.compiler/com.sun.tools.javac.api.BasicJavacTask.initPlugins(BasicJavacTask.java:229)
	at jdk.compiler/com.sun.tools.javac.main.Main.compile(Main.java:292)
	at jdk.compiler/com.sun.tools.javac.main.Main.compile(Main.java:176)
	at jdk.compiler/com.sun.tools.javac.Main.compile(Main.java:64)
	at jdk.compiler/com.sun.tools.javac.Main.main(Main.java:50)
2023.03.08 10:03:14 WARN  no build target for: /Users/jaofourthsohappy/Desktop/movies2/src/main/java/dev/fourth/movies/MoviesApplication.java
2023.03.08 10:03:14 WARN  Running javac-semanticdb failed for file:///Users/jaofourthsohappy/Desktop/movies2/src/main/java/dev/fourth/movies/MoviesApplication.java. Output:
Exception in thread "main" java.lang.IllegalAccessError: class com.sourcegraph.semanticdb_javac.SemanticdbPlugin (in unnamed module @0x4cb2c100) cannot access class com.sun.tools.javac.api.BasicJavacTask (in module jdk.compiler) because module jdk.compiler does not export com.sun.tools.javac.api to unnamed module @0x4cb2c100
	at com.sourcegraph.semanticdb_javac.SemanticdbPlugin.init(SemanticdbPlugin.java:19)
	at jdk.compiler/com.sun.tools.javac.api.BasicJavacTask.initPlugin(BasicJavacTask.java:255)
	at jdk.compiler/com.sun.tools.javac.api.BasicJavacTask.initPlugins(BasicJavacTask.java:229)
	at jdk.compiler/com.sun.tools.javac.main.Main.compile(Main.java:292)
	at jdk.compiler/com.sun.tools.javac.main.Main.compile(Main.java:176)
	at jdk.compiler/com.sun.tools.javac.Main.compile(Main.java:64)
	at jdk.compiler/com.sun.tools.javac.Main.main(Main.java:50)
2023.03.08 10:03:17 WARN  no build target for: /Users/jaofourthsohappy/Desktop/movies2/src/main/java/dev/fourth/movies/MoviesApplication.java
2023.03.08 10:03:18 WARN  Running javac-semanticdb failed for file:///Users/jaofourthsohappy/Desktop/movies2/src/main/java/dev/fourth/movies/MoviesApplication.java. Output:
Exception in thread "main" java.lang.IllegalAccessError: class com.sourcegraph.semanticdb_javac.SemanticdbPlugin (in unnamed module @0x4cb2c100) cannot access class com.sun.tools.javac.api.BasicJavacTask (in module jdk.compiler) because module jdk.compiler does not export com.sun.tools.javac.api to unnamed module @0x4cb2c100
	at com.sourcegraph.semanticdb_javac.SemanticdbPlugin.init(SemanticdbPlugin.java:19)
	at jdk.compiler/com.sun.tools.javac.api.BasicJavacTask.initPlugin(BasicJavacTask.java:255)
	at jdk.compiler/com.sun.tools.javac.api.BasicJavacTask.initPlugins(BasicJavacTask.java:229)
	at jdk.compiler/com.sun.tools.javac.main.Main.compile(Main.java:292)
	at jdk.compiler/com.sun.tools.javac.main.Main.compile(Main.java:176)
	at jdk.compiler/com.sun.tools.javac.Main.compile(Main.java:64)
	at jdk.compiler/com.sun.tools.javac.Main.main(Main.java:50)
2023.03.08 10:03:21 WARN  no build target for: /Users/jaofourthsohappy/Desktop/movies2/src/main/java/dev/fourth/movies/MoviesApplication.java
2023.03.08 10:03:22 WARN  Running javac-semanticdb failed for file:///Users/jaofourthsohappy/Desktop/movies2/src/main/java/dev/fourth/movies/MoviesApplication.java. Output:
Exception in thread "main" java.lang.IllegalAccessError: class com.sourcegraph.semanticdb_javac.SemanticdbPlugin (in unnamed module @0x4cb2c100) cannot access class com.sun.tools.javac.api.BasicJavacTask (in module jdk.compiler) because module jdk.compiler does not export com.sun.tools.javac.api to unnamed module @0x4cb2c100
	at com.sourcegraph.semanticdb_javac.SemanticdbPlugin.init(SemanticdbPlugin.java:19)
	at jdk.compiler/com.sun.tools.javac.api.BasicJavacTask.initPlugin(BasicJavacTask.java:255)
	at jdk.compiler/com.sun.tools.javac.api.BasicJavacTask.initPlugins(BasicJavacTask.java:229)
	at jdk.compiler/com.sun.tools.javac.main.Main.compile(Main.java:292)
	at jdk.compiler/com.sun.tools.javac.main.Main.compile(Main.java:176)
	at jdk.compiler/com.sun.tools.javac.Main.compile(Main.java:64)
	at jdk.compiler/com.sun.tools.javac.Main.main(Main.java:50)
2023.03.08 10:03:32 WARN  no build target for: /Users/jaofourthsohappy/Desktop/movies2/src/main/java/dev/fourth/movies/MoviesApplication.java
2023.03.08 10:03:32 WARN  Running javac-semanticdb failed for file:///Users/jaofourthsohappy/Desktop/movies2/src/main/java/dev/fourth/movies/MoviesApplication.java. Output:
Exception in thread "main" java.lang.IllegalAccessError: class com.sourcegraph.semanticdb_javac.SemanticdbPlugin (in unnamed module @0x4cb2c100) cannot access class com.sun.tools.javac.api.BasicJavacTask (in module jdk.compiler) because module jdk.compiler does not export com.sun.tools.javac.api to unnamed module @0x4cb2c100
	at com.sourcegraph.semanticdb_javac.SemanticdbPlugin.init(SemanticdbPlugin.java:19)
	at jdk.compiler/com.sun.tools.javac.api.BasicJavacTask.initPlugin(BasicJavacTask.java:255)
	at jdk.compiler/com.sun.tools.javac.api.BasicJavacTask.initPlugins(BasicJavacTask.java:229)
	at jdk.compiler/com.sun.tools.javac.main.Main.compile(Main.java:292)
	at jdk.compiler/com.sun.tools.javac.main.Main.compile(Main.java:176)
	at jdk.compiler/com.sun.tools.javac.Main.compile(Main.java:64)
	at jdk.compiler/com.sun.tools.javac.Main.main(Main.java:50)
2023.03.08 10:03:32 WARN  no build target for: /Users/jaofourthsohappy/Desktop/movies2/src/main/java/dev/fourth/movies/MoviesApplication.java
2023.03.08 10:03:34 WARN  Running javac-semanticdb failed for file:///Users/jaofourthsohappy/Desktop/movies2/src/main/java/dev/fourth/movies/MoviesApplication.java. Output:
Exception in thread "main" java.lang.IllegalAccessError: class com.sourcegraph.semanticdb_javac.SemanticdbPlugin (in unnamed module @0x4cb2c100) cannot access class com.sun.tools.javac.api.BasicJavacTask (in module jdk.compiler) because module jdk.compiler does not export com.sun.tools.javac.api to unnamed module @0x4cb2c100
	at com.sourcegraph.semanticdb_javac.SemanticdbPlugin.init(SemanticdbPlugin.java:19)
	at jdk.compiler/com.sun.tools.javac.api.BasicJavacTask.initPlugin(BasicJavacTask.java:255)
	at jdk.compiler/com.sun.tools.javac.api.BasicJavacTask.initPlugins(BasicJavacTask.java:229)
	at jdk.compiler/com.sun.tools.javac.main.Main.compile(Main.java:292)
	at jdk.compiler/com.sun.tools.javac.main.Main.compile(Main.java:176)
	at jdk.compiler/com.sun.tools.javac.Main.compile(Main.java:64)
	at jdk.compiler/com.sun.tools.javac.Main.main(Main.java:50)
2023.03.08 10:05:04 WARN  no build target for: /Users/jaofourthsohappy/Desktop/movies2/src/main/java/dev/fourth/movies/MoviesApplication.java
2023.03.08 10:05:04 WARN  Running javac-semanticdb failed for file:///Users/jaofourthsohappy/Desktop/movies2/src/main/java/dev/fourth/movies/MoviesApplication.java. Output:
Exception in thread "main" java.lang.IllegalAccessError: class com.sourcegraph.semanticdb_javac.SemanticdbPlugin (in unnamed module @0x4cb2c100) cannot access class com.sun.tools.javac.api.BasicJavacTask (in module jdk.compiler) because module jdk.compiler does not export com.sun.tools.javac.api to unnamed module @0x4cb2c100
	at com.sourcegraph.semanticdb_javac.SemanticdbPlugin.init(SemanticdbPlugin.java:19)
	at jdk.compiler/com.sun.tools.javac.api.BasicJavacTask.initPlugin(BasicJavacTask.java:255)
	at jdk.compiler/com.sun.tools.javac.api.BasicJavacTask.initPlugins(BasicJavacTask.java:229)
	at jdk.compiler/com.sun.tools.javac.main.Main.compile(Main.java:292)
	at jdk.compiler/com.sun.tools.javac.main.Main.compile(Main.java:176)
	at jdk.compiler/com.sun.tools.javac.Main.compile(Main.java:64)
	at jdk.compiler/com.sun.tools.javac.Main.main(Main.java:50)
2023.03.08 10:05:05 WARN  no build target for: /Users/jaofourthsohappy/Desktop/movies2/src/main/java/dev/fourth/movies/MoviesApplication.java
2023.03.08 10:05:06 WARN  Running javac-semanticdb failed for file:///Users/jaofourthsohappy/Desktop/movies2/src/main/java/dev/fourth/movies/MoviesApplication.java. Output:
Exception in thread "main" java.lang.IllegalAccessError: class com.sourcegraph.semanticdb_javac.SemanticdbPlugin (in unnamed module @0x4cb2c100) cannot access class com.sun.tools.javac.api.BasicJavacTask (in module jdk.compiler) because module jdk.compiler does not export com.sun.tools.javac.api to unnamed module @0x4cb2c100
	at com.sourcegraph.semanticdb_javac.SemanticdbPlugin.init(SemanticdbPlugin.java:19)
	at jdk.compiler/com.sun.tools.javac.api.BasicJavacTask.initPlugin(BasicJavacTask.java:255)
	at jdk.compiler/com.sun.tools.javac.api.BasicJavacTask.initPlugins(BasicJavacTask.java:229)
	at jdk.compiler/com.sun.tools.javac.main.Main.compile(Main.java:292)
	at jdk.compiler/com.sun.tools.javac.main.Main.compile(Main.java:176)
	at jdk.compiler/com.sun.tools.javac.Main.compile(Main.java:64)
	at jdk.compiler/com.sun.tools.javac.Main.main(Main.java:50)
2023.03.08 10:16:44 WARN  no build target for: /Users/jaofourthsohappy/Desktop/movies2/src/main/java/dev/fourth/movies/MoviesApplication.java
2023.03.08 10:16:45 WARN  Running javac-semanticdb failed for file:///Users/jaofourthsohappy/Desktop/movies2/src/main/java/dev/fourth/movies/MoviesApplication.java. Output:
Exception in thread "main" java.lang.IllegalAccessError: class com.sourcegraph.semanticdb_javac.SemanticdbPlugin (in unnamed module @0x4cb2c100) cannot access class com.sun.tools.javac.api.BasicJavacTask (in module jdk.compiler) because module jdk.compiler does not export com.sun.tools.javac.api to unnamed module @0x4cb2c100
	at com.sourcegraph.semanticdb_javac.SemanticdbPlugin.init(SemanticdbPlugin.java:19)
	at jdk.compiler/com.sun.tools.javac.api.BasicJavacTask.initPlugin(BasicJavacTask.java:255)
	at jdk.compiler/com.sun.tools.javac.api.BasicJavacTask.initPlugins(BasicJavacTask.java:229)
	at jdk.compiler/com.sun.tools.javac.main.Main.compile(Main.java:292)
	at jdk.compiler/com.sun.tools.javac.main.Main.compile(Main.java:176)
	at jdk.compiler/com.sun.tools.javac.Main.compile(Main.java:64)
	at jdk.compiler/com.sun.tools.javac.Main.main(Main.java:50)
2023.03.08 14:21:24 WARN  no build target for: /Users/jaofourthsohappy/Desktop/movies2/src/main/java/dev/fourth/movies/MoviesApplication.java
2023.03.08 14:21:25 WARN  Running javac-semanticdb failed for file:///Users/jaofourthsohappy/Desktop/movies2/src/main/java/dev/fourth/movies/MoviesApplication.java. Output:
Exception in thread "main" java.lang.IllegalAccessError: class com.sourcegraph.semanticdb_javac.SemanticdbPlugin (in unnamed module @0x4cb2c100) cannot access class com.sun.tools.javac.api.BasicJavacTask (in module jdk.compiler) because module jdk.compiler does not export com.sun.tools.javac.api to unnamed module @0x4cb2c100
	at com.sourcegraph.semanticdb_javac.SemanticdbPlugin.init(SemanticdbPlugin.java:19)
	at jdk.compiler/com.sun.tools.javac.api.BasicJavacTask.initPlugin(BasicJavacTask.java:255)
	at jdk.compiler/com.sun.tools.javac.api.BasicJavacTask.initPlugins(BasicJavacTask.java:229)
	at jdk.compiler/com.sun.tools.javac.main.Main.compile(Main.java:292)
	at jdk.compiler/com.sun.tools.javac.main.Main.compile(Main.java:176)
	at jdk.compiler/com.sun.tools.javac.Main.compile(Main.java:64)
	at jdk.compiler/com.sun.tools.javac.Main.main(Main.java:50)
2023.03.08 14:21:26 WARN  no build target for: /Users/jaofourthsohappy/Desktop/movies2/src/main/java/dev/fourth/movies/MoviesApplication.java
2023.03.08 14:21:27 WARN  Running javac-semanticdb failed for file:///Users/jaofourthsohappy/Desktop/movies2/src/main/java/dev/fourth/movies/MoviesApplication.java. Output:
Exception in thread "main" java.lang.IllegalAccessError: class com.sourcegraph.semanticdb_javac.SemanticdbPlugin (in unnamed module @0x4cb2c100) cannot access class com.sun.tools.javac.api.BasicJavacTask (in module jdk.compiler) because module jdk.compiler does not export com.sun.tools.javac.api to unnamed module @0x4cb2c100
	at com.sourcegraph.semanticdb_javac.SemanticdbPlugin.init(SemanticdbPlugin.java:19)
	at jdk.compiler/com.sun.tools.javac.api.BasicJavacTask.initPlugin(BasicJavacTask.java:255)
	at jdk.compiler/com.sun.tools.javac.api.BasicJavacTask.initPlugins(BasicJavacTask.java:229)
	at jdk.compiler/com.sun.tools.javac.main.Main.compile(Main.java:292)
	at jdk.compiler/com.sun.tools.javac.main.Main.compile(Main.java:176)
	at jdk.compiler/com.sun.tools.javac.Main.compile(Main.java:64)
	at jdk.compiler/com.sun.tools.javac.Main.main(Main.java:50)
2023.03.08 14:21:32 WARN  no build target for: /Users/jaofourthsohappy/Desktop/movies2/src/main/java/dev/fourth/movies/MoviesApplication.java
2023.03.08 14:21:32 WARN  Running javac-semanticdb failed for file:///Users/jaofourthsohappy/Desktop/movies2/src/main/java/dev/fourth/movies/MoviesApplication.java. Output:
Exception in thread "main" java.lang.IllegalAccessError: class com.sourcegraph.semanticdb_javac.SemanticdbPlugin (in unnamed module @0x4cb2c100) cannot access class com.sun.tools.javac.api.BasicJavacTask (in module jdk.compiler) because module jdk.compiler does not export com.sun.tools.javac.api to unnamed module @0x4cb2c100
	at com.sourcegraph.semanticdb_javac.SemanticdbPlugin.init(SemanticdbPlugin.java:19)
	at jdk.compiler/com.sun.tools.javac.api.BasicJavacTask.initPlugin(BasicJavacTask.java:255)
	at jdk.compiler/com.sun.tools.javac.api.BasicJavacTask.initPlugins(BasicJavacTask.java:229)
	at jdk.compiler/com.sun.tools.javac.main.Main.compile(Main.java:292)
	at jdk.compiler/com.sun.tools.javac.main.Main.compile(Main.java:176)
	at jdk.compiler/com.sun.tools.javac.Main.compile(Main.java:64)
	at jdk.compiler/com.sun.tools.javac.Main.main(Main.java:50)
2023.03.08 15:10:27 INFO  skipping build import with status 'Dismissed'
2023.03.08 15:10:30 INFO  skipping build import with status 'Dismissed'
2023.03.08 15:10:35 INFO  skipping build import with status 'Dismissed'
2023.03.08 15:10:57 INFO  skipping build import with status 'Dismissed'
2023.03.08 15:11:02 INFO  skipping build import with status 'Dismissed'
2023.03.08 15:11:05 INFO  skipping build import with status 'Dismissed'
2023.03.08 15:11:09 INFO  skipping build import with status 'Dismissed'
2023.03.08 15:11:20 INFO  skipping build import with status 'Dismissed'
2023.03.08 15:11:23 INFO  skipping build import with status 'Dismissed'
2023.03.08 15:11:34 INFO  skipping build import with status 'Dismissed'
2023.03.08 15:11:37 INFO  skipping build import with status 'Dismissed'
2023.03.08 15:11:38 INFO  skipping build import with status 'Dismissed'
2023.03.08 15:11:58 INFO  skipping build import with status 'Dismissed'
2023.03.08 15:12:01 INFO  skipping build import with status 'Dismissed'
2023.03.08 15:12:05 INFO  skipping build import with status 'Dismissed'
